0
1
2
3
5
5
7
7
4
8
9
10
11
11
12
6
13
6
13
14
6
14
16
15
17
15
18
19
19
20
22
23
21
24
25
26
28
27
29
31
0
2
3
4
5
6
6
7
30
7
8
8
30
9
9
30
10
30
10
11
11
12
12
12
12
12
0
12
0
12
0
12
12
12
0
12
0
12
0
12
0
12
0
12
0
12
0
12
0
12
12
12
12
1
12
1
12
1
12
1
12
1
12
1
12
1
12
1
12
1
12
1
12
1
12
1
12
1
12
1
12
1
12
1
12
1
12
1
12
1
12
1
12
1
12
12
12
12
2
12
12
2
12
2
12
12
12
2
12
2
12
2
12
2
2
12
12
2
12
2
12
2
12
2
12
2
12
2
12
12
2
12
2
12
2
12
2
2
12
12
12
2
12
12
2
12
2
12
2
12
12
2
12
12
2
12
2
